<?xml version="1.0" encoding="utf-8"?><testsuites name="pytest tests"><testsuite name="pytest" errors="0" failures="1" skipped="0" tests="17" time="4.612" timestamp="2026-06-24T22:20:43.064583+00:00" hostname="agent-env-cf0b40b3-7e46-4599-850a-1e0154be538b"><testcase classname="backend.tests.test_ads_readiness.TestPhaseAJsonLD" name="test_organization_jsonld_required_fields" time="0.220"><failure message="AssertionError: Organization missing key: sameAs&#10;assert 'sameAs' in {'@type': 'Organization', '@id': 'http://localhost:3000/#organization', 'name': 'Maventech Software', 'legalName': 'Maventech Software', ...}">E   AssertionError: Organization missing key: sameAs
    assert 'sameAs' in {'@type': 'Organization', '@id': 'http://localhost:3000/#organization', 'name': 'Maventech Software', 'legalName': 'Maventech Software', ...}</failure></testcase><testcase classname="backend.tests.test_ads_readiness.TestPhaseAJsonLD" name="test_localbusiness_has_address" time="0.202" /><testcase classname="backend.tests.test_ads_readiness.TestPhaseAJsonLD" name="test_product_pricevaliduntil_default_is_date" time="0.194" /><testcase classname="backend.tests.test_ads_readiness.TestPhaseAJsonLD" name="test_product_pricevaliduntil_from_sale_window" time="0.708" /><testcase classname="backend.tests.test_ads_readiness.TestPhaseAJsonLD" name="test_tax_transparency_line_under_price" time="0.192" /><testcase classname="backend.tests.test_ads_readiness.TestPhaseBTracking" name="test_dormant_no_pixels" time="0.381" /><testcase classname="backend.tests.test_ads_readiness.TestPhaseBTracking" name="test_tracker_activates[ga4_measurement_id-G-TEST123ABC-markers0]" time="0.374" /><testcase classname="backend.tests.test_ads_readiness.TestPhaseBTracking" name="test_tracker_activates[google_ads_tag_id-AW-9999999999-markers1]" time="0.237" /><testcase classname="backend.tests.test_ads_readiness.TestPhaseBTracking" name="test_tracker_activates[bing_uet_tag_id-87654321-markers2]" time="0.438" /><testcase classname="backend.tests.test_ads_readiness.TestPhaseBTracking" name="test_tracker_activates[clarity_project_id-clarTest01-markers3]" time="0.251" /><testcase classname="backend.tests.test_ads_readiness.TestPhaseBTracking" name="test_view_item_event_on_product" time="0.195" /><testcase classname="backend.tests.test_ads_readiness.TestPhaseBTracking" name="test_bing_uet_view_item_on_product" time="0.250" /><testcase classname="backend.tests.test_ads_readiness.TestPhaseCPerformance" name="test_deferred_scripts" time="0.168" /><testcase classname="backend.tests.test_ads_readiness.TestPhaseCPerformance" name="test_lazyload_runtime_script_present" time="0.173" /><testcase classname="backend.tests.test_ads_readiness.TestPhaseDAbout" name="test_about_trust_and_faq_blocks" time="0.178" /><testcase classname="backend.tests.test_ads_readiness.TestPhaseDAbout" name="test_about_faqpage_jsonld_and_dates" time="0.170" /><testcase classname="backend.tests.test_ads_readiness.TestRegressionFeed" name="test_merchant_feed_counts" time="0.160" /></testsuite></testsuites>