<?xml version="1.0" encoding="utf-8"?><testsuites name="pytest tests"><testsuite name="pytest" errors="0" failures="1" skipped="0" tests="20" time="6.465" timestamp="2026-06-24T22:29:28.312652+00:00" hostname="agent-env-cf0b40b3-7e46-4599-850a-1e0154be538b"><testcase classname="backend.tests.test_ads_readiness.TestPhaseAJsonLD" name="test_organization_jsonld_required_fields" time="0.228" /><testcase classname="backend.tests.test_ads_readiness.TestPhaseAJsonLD" name="test_localbusiness_has_address" time="0.221" /><testcase classname="backend.tests.test_ads_readiness.TestPhaseAJsonLD" name="test_product_pricevaliduntil_default_is_date" time="0.282" /><testcase classname="backend.tests.test_ads_readiness.TestPhaseAJsonLD" name="test_product_pricevaliduntil_from_sale_window" time="0.737" /><testcase classname="backend.tests.test_ads_readiness.TestPhaseAJsonLD" name="test_tax_transparency_line_under_price" time="0.225" /><testcase classname="backend.tests.test_ads_readiness.TestPhaseBTracking" name="test_dormant_no_pixels" time="0.256" /><testcase classname="backend.tests.test_ads_readiness.TestPhaseBTracking" name="test_tracker_activates[ga4_measurement_id-G-TEST123ABC-markers0]" time="0.247" /><testcase classname="backend.tests.test_ads_readiness.TestPhaseBTracking" name="test_tracker_activates[google_ads_tag_id-AW-9999999999-markers1]" time="0.241" /><testcase classname="backend.tests.test_ads_readiness.TestPhaseBTracking" name="test_tracker_activates[bing_uet_tag_id-87654321-markers2]" time="0.248" /><testcase classname="backend.tests.test_ads_readiness.TestPhaseBTracking" name="test_tracker_activates[clarity_project_id-clarTest01-markers3]" time="0.237" /><testcase classname="backend.tests.test_ads_readiness.TestPhaseBTracking" name="test_view_item_event_on_product" time="0.239" /><testcase classname="backend.tests.test_ads_readiness.TestPhaseBTracking" name="test_bing_uet_view_item_on_product" time="0.234" /><testcase classname="backend.tests.test_ads_readiness.TestPhaseCPerformance" name="test_deferred_scripts" time="0.184" /><testcase classname="backend.tests.test_ads_readiness.TestPhaseCPerformance" name="test_lazyload_runtime_script_present" time="0.171" /><testcase classname="backend.tests.test_ads_readiness.TestPhaseDAbout" name="test_about_trust_and_faq_blocks" time="0.211" /><testcase classname="backend.tests.test_ads_readiness.TestPhaseDAbout" name="test_about_faqpage_jsonld_and_dates" time="0.181" /><testcase classname="backend.tests.test_ads_readiness.TestBug1SameAsFallback" name="test_sameAs_fallback_when_no_socials" time="0.320" /><testcase classname="backend.tests.test_ads_readiness.TestBug1SameAsFallback" name="test_sameAs_uses_real_socials_when_seeded" time="0.325"><failure message="AssertionError: seeded twitter URL not present in sameAs: ['http://localhost:3000/about-us.php']&#10;assert 'https://twitter.com/maventechsoftware' in ['http://localhost:3000/about-us.php']">backend/tests/test_ads_readiness.py:329: in test_sameAs_uses_real_socials_when_seeded
    assert twitter_url in same, \
E   AssertionError: seeded twitter URL not present in sameAs: ['http://localhost:3000/about-us.php']
E   assert 'https://twitter.com/maventechsoftware' in ['http://localhost:3000/about-us.php']</failure></testcase><testcase classname="backend.tests.test_ads_readiness.TestBug2TrackingPreservation" name="test_invalid_input_preserves_valid_values" time="1.350" /><testcase classname="backend.tests.test_ads_readiness.TestRegressionFeed" name="test_merchant_feed_counts" time="0.177" /></testsuite></testsuites>