<?xml version="1.0" encoding="utf-8"?><testsuites name="pytest tests"><testsuite name="pytest" errors="0" failures="0" skipped="0" tests="20" time="6.907" timestamp="2026-06-24T21:02:50.063553+00:00" hostname="agent-env-cf0b40b3-7e46-4599-850a-1e0154be538b"><testcase classname="backend.tests.test_google_merchant_feed" name="test_feed_alias_returns_200_xml[/merchant-feed.xml]" time="0.301" /><testcase classname="backend.tests.test_google_merchant_feed" name="test_feed_alias_returns_200_xml[/feed/google-products.xml]" time="0.256" /><testcase classname="backend.tests.test_google_merchant_feed" name="test_feed_alias_returns_200_xml[/feeds/google-products.xml]" time="0.244" /><testcase classname="backend.tests.test_google_merchant_feed" name="test_feed_alias_returns_200_xml[/google-merchant-feed.xml]" time="0.254" /><testcase classname="backend.tests.test_google_merchant_feed" name="test_feed_alias_returns_200_xml[/google-shopping-feed.xml]" time="0.237" /><testcase classname="backend.tests.test_google_merchant_feed" name="test_feed_cache_and_robots_headers_origin[/merchant-feed.xml]" time="0.142" /><testcase classname="backend.tests.test_google_merchant_feed" name="test_feed_cache_and_robots_headers_origin[/feed/google-products.xml]" time="0.138" /><testcase classname="backend.tests.test_google_merchant_feed" name="test_feed_cache_and_robots_headers_origin[/feeds/google-products.xml]" time="0.882" /><testcase classname="backend.tests.test_google_merchant_feed" name="test_feed_cache_and_robots_headers_origin[/google-merchant-feed.xml]" time="0.136" /><testcase classname="backend.tests.test_google_merchant_feed" name="test_feed_cache_and_robots_headers_origin[/google-shopping-feed.xml]" time="0.140" /><testcase classname="backend.tests.test_google_merchant_feed" name="test_feed_has_37_items_with_required_google_fields" time="0.248" /><testcase classname="backend.tests.test_google_merchant_feed" name="test_random_5_items_have_gtin_and_resolvable_links" time="1.242" /><testcase classname="backend.tests.test_google_merchant_feed" name="test_atom_self_link_matches_request_url[/merchant-feed.xml]" time="0.279" /><testcase classname="backend.tests.test_google_merchant_feed" name="test_atom_self_link_matches_request_url[/feed/google-products.xml]" time="0.231" /><testcase classname="backend.tests.test_google_merchant_feed" name="test_atom_self_link_matches_request_url[/feeds/google-products.xml]" time="0.276" /><testcase classname="backend.tests.test_google_merchant_feed" name="test_atom_self_link_matches_request_url[/google-merchant-feed.xml]" time="0.308" /><testcase classname="backend.tests.test_google_merchant_feed" name="test_atom_self_link_matches_request_url[/google-shopping-feed.xml]" time="0.324" /><testcase classname="backend.tests.test_google_merchant_feed" name="test_robots_txt_lists_both_feed_sitemaps_with_public_host" time="0.276" /><testcase classname="backend.tests.test_google_merchant_feed" name="test_all_feed_urls_use_public_host" time="0.001" /><testcase classname="backend.tests.test_google_merchant_feed" name="test_sample_3_item_links_are_http_200" time="0.899" /></testsuite></testsuites>