<?xml version="1.0" encoding="utf-8"?><testsuites name="pytest tests"><testsuite name="pytest" errors="0" failures="0" skipped="0" tests="23" time="3.943" timestamp="2026-06-24T23:43:28.168979+00:00" hostname="agent-env-cf0b40b3-7e46-4599-850a-1e0154be538b"><testcase classname="backend.tests.test_iter20_emergent_scrub_gzip_sitemap" name="test_no_emergent_substring_in_public_html[/]" time="0.174" /><testcase classname="backend.tests.test_iter20_emergent_scrub_gzip_sitemap" name="test_no_emergent_substring_in_public_html[/subscriptions.php]" time="0.155" /><testcase classname="backend.tests.test_iter20_emergent_scrub_gzip_sitemap" name="test_no_emergent_substring_in_public_html[/product.php?slug=windows-11-pro]" time="0.164" /><testcase classname="backend.tests.test_iter20_emergent_scrub_gzip_sitemap" name="test_no_emergent_substring_in_public_html[/about-us.php]" time="0.158" /><testcase classname="backend.tests.test_iter20_emergent_scrub_gzip_sitemap" name="test_no_emergent_substring_in_public_html[/shop.php]" time="0.178" /><testcase classname="backend.tests.test_iter20_emergent_scrub_gzip_sitemap" name="test_no_emergent_substring_in_public_html[/checkout.php]" time="0.364" /><testcase classname="backend.tests.test_iter20_emergent_scrub_gzip_sitemap" name="test_no_emergent_substring_in_public_html[/contact.php]" time="0.156" /><testcase classname="backend.tests.test_iter20_emergent_scrub_gzip_sitemap" name="test_subscription_plan_icons_are_local" time="0.168" /><testcase classname="backend.tests.test_iter20_emergent_scrub_gzip_sitemap" name="test_plan_icon_file_served_under_50kb[1]" time="0.002" /><testcase classname="backend.tests.test_iter20_emergent_scrub_gzip_sitemap" name="test_plan_icon_file_served_under_50kb[2]" time="0.002" /><testcase classname="backend.tests.test_iter20_emergent_scrub_gzip_sitemap" name="test_plan_icon_file_served_under_50kb[3]" time="0.002" /><testcase classname="backend.tests.test_iter20_emergent_scrub_gzip_sitemap" name="test_plan_icon_file_served_under_50kb[4]" time="0.002" /><testcase classname="backend.tests.test_iter20_emergent_scrub_gzip_sitemap" name="test_db_subscription_plans_no_emergent" time="0.009" /><testcase classname="backend.tests.test_iter20_emergent_scrub_gzip_sitemap" name="test_db_email_templates_no_emergent" time="0.008" /><testcase classname="backend.tests.test_iter20_emergent_scrub_gzip_sitemap" name="test_db_email_outbox_pending_no_emergent" time="0.008" /><testcase classname="backend.tests.test_iter20_emergent_scrub_gzip_sitemap" name="test_response_uses_gzip_content_encoding[/]" time="0.176" /><testcase classname="backend.tests.test_iter20_emergent_scrub_gzip_sitemap" name="test_response_uses_gzip_content_encoding[/shop.php]" time="0.249" /><testcase classname="backend.tests.test_iter20_emergent_scrub_gzip_sitemap" name="test_response_uses_gzip_content_encoding[/product.php?slug=windows-11-pro]" time="0.226" /><testcase classname="backend.tests.test_iter20_emergent_scrub_gzip_sitemap" name="test_gzip_compression_ratio_at_least_50pct[/]" time="0.352" /><testcase classname="backend.tests.test_iter20_emergent_scrub_gzip_sitemap" name="test_gzip_compression_ratio_at_least_50pct[/shop.php]" time="0.359" /><testcase classname="backend.tests.test_iter20_emergent_scrub_gzip_sitemap" name="test_gzip_compression_ratio_at_least_50pct[/product.php?slug=windows-11-pro]" time="0.649" /><testcase classname="backend.tests.test_iter20_emergent_scrub_gzip_sitemap" name="test_sitemap_xslt_styled_and_url_count" time="0.143" /><testcase classname="backend.tests.test_iter20_emergent_scrub_gzip_sitemap" name="test_sitemap_lastmod_recent" time="0.151" /></testsuite></testsuites>