<?xml version="1.0" encoding="utf-8"?><testsuites name="pytest tests"><testsuite name="pytest" errors="0" failures="1" skipped="0" tests="32" time="8.320" timestamp="2026-06-24T23:27:37.830737+00:00" hostname="agent-env-cf0b40b3-7e46-4599-850a-1e0154be538b"><testcase classname="backend.tests.test_iter19_enhanced_conv_gcr_promo_detail.TestEnhancedConversions" name="test_hashed_user_data_block_present_when_ga4_set" time="0.337" /><testcase classname="backend.tests.test_iter19_enhanced_conv_gcr_promo_detail.TestEnhancedConversions" name="test_user_data_skipped_when_all_ids_blank" time="0.350" /><testcase classname="backend.tests.test_iter19_enhanced_conv_gcr_promo_detail.TestEnhancedConversions" name="test_missing_phone_only_email_emitted" time="0.362" /><testcase classname="backend.tests.test_iter19_enhanced_conv_gcr_promo_detail.TestEnhancedConversions" name="test_no_user_data_when_both_email_and_phone_empty" time="0.530"><failure message="AssertionError: user_data block must be skipped when both email AND phone are empty&#10;assert &quot;gtag('set', 'user_data'&quot; not in '&lt;!DOCTYPE h...&gt;\n&lt;/html&gt;\n'&#10;  &#10;  &quot;gtag('set', 'user_data'&quot; is contained here:&#10;    &lt;!DOCTYPE html&gt;&#10;    &lt;html lang=&quot;en&quot;&gt;&#10;    &lt;head&gt;&#10;      &lt;meta charset=&quot;UTF-8&quot;&gt;&#10;      &lt;script&gt;...&#10;  &#10;  ...Full output truncated (1031 lines hidden), use '-vv' to show">backend/tests/test_iter19_enhanced_conv_gcr_promo_detail.py:125: in test_no_user_data_when_both_email_and_phone_empty
    assert "gtag('set', 'user_data'" not in html, \
E   AssertionError: user_data block must be skipped when both email AND phone are empty
E   assert "gtag('set', 'user_data'" not in '&lt;!DOCTYPE h...&gt;\n&lt;/html&gt;\n'
E     
E     "gtag('set', 'user_data'" is contained here:
E       &lt;!DOCTYPE html&gt;
E       &lt;html lang="en"&gt;
E       &lt;head&gt;
E         &lt;meta charset="UTF-8"&gt;
E         &lt;script&gt;...
E     
E     ...Full output truncated (1031 lines hidden), use '-vv' to show</failure></testcase><testcase classname="backend.tests.test_iter19_enhanced_conv_gcr_promo_detail.TestCustomerReviewsOptIn" name="test_optin_present_with_gmc_and_paid" time="0.199" /><testcase classname="backend.tests.test_iter19_enhanced_conv_gcr_promo_detail.TestCustomerReviewsOptIn" name="test_optin_absent_when_gmc_empty" time="0.162" /><testcase classname="backend.tests.test_iter19_enhanced_conv_gcr_promo_detail.TestCustomerReviewsOptIn" name="test_optin_absent_for_demo_order" time="0.213" /><testcase classname="backend.tests.test_iter19_enhanced_conv_gcr_promo_detail.TestMerchantPromotion" name="test_promotion_id_count_37_google" time="0.153" /><testcase classname="backend.tests.test_iter19_enhanced_conv_gcr_promo_detail.TestMerchantPromotion" name="test_promotion_id_count_37_bing" time="0.165" /><testcase classname="backend.tests.test_iter19_enhanced_conv_gcr_promo_detail.TestMerchantPromotion" name="test_promotion_id_dropped_when_no_sale" time="0.351" /><testcase classname="backend.tests.test_iter19_enhanced_conv_gcr_promo_detail.TestProductDetail" name="test_product_detail_opening_count_148_google" time="0.000" /><testcase classname="backend.tests.test_iter19_enhanced_conv_gcr_promo_detail.TestProductDetail" name="test_product_detail_opening_count_148_bing" time="0.000" /><testcase classname="backend.tests.test_iter19_enhanced_conv_gcr_promo_detail.TestProductDetail" name="test_each_block_has_three_ordered_children" time="0.001" /><testcase classname="backend.tests.test_iter19_enhanced_conv_gcr_promo_detail.TestProductDetail" name="test_attribute_values_match_db" time="0.009" /><testcase classname="backend.tests.test_iter19_enhanced_conv_gcr_promo_detail.TestAdminGMCInput" name="test_form_field_present" time="0.605" /><testcase classname="backend.tests.test_iter19_enhanced_conv_gcr_promo_detail.TestAdminGMCInput" name="test_save_valid_gmc_persists" time="0.652" /><testcase classname="backend.tests.test_iter19_enhanced_conv_gcr_promo_detail.TestAdminGMCInput" name="test_save_invalid_gmc_rejected_preserves_old" time="0.596" /><testcase classname="backend.tests.test_iter19_enhanced_conv_gcr_promo_detail.TestRegression" name="test_all_feeds_200[/merchant-feed.xml]" time="0.184" /><testcase classname="backend.tests.test_iter19_enhanced_conv_gcr_promo_detail.TestRegression" name="test_all_feeds_200[/feed/google-products.xml]" time="0.212" /><testcase classname="backend.tests.test_iter19_enhanced_conv_gcr_promo_detail.TestRegression" name="test_all_feeds_200[/feeds/google-products.xml]" time="0.179" /><testcase classname="backend.tests.test_iter19_enhanced_conv_gcr_promo_detail.TestRegression" name="test_all_feeds_200[/google-merchant-feed.xml]" time="0.170" /><testcase classname="backend.tests.test_iter19_enhanced_conv_gcr_promo_detail.TestRegression" name="test_all_feeds_200[/google-shopping-feed.xml]" time="0.203" /><testcase classname="backend.tests.test_iter19_enhanced_conv_gcr_promo_detail.TestRegression" name="test_all_feeds_200[/feed/bing-shopping.xml]" time="0.181" /><testcase classname="backend.tests.test_iter19_enhanced_conv_gcr_promo_detail.TestRegression" name="test_all_feeds_200[/feeds/bing-shopping.xml]" time="0.161" /><testcase classname="backend.tests.test_iter19_enhanced_conv_gcr_promo_detail.TestRegression" name="test_all_feeds_200[/bing-shopping-feed.xml]" time="0.174" /><testcase classname="backend.tests.test_iter19_enhanced_conv_gcr_promo_detail.TestRegression" name="test_all_feeds_200[/microsoft-merchant-feed.xml]" time="0.190" /><testcase classname="backend.tests.test_iter19_enhanced_conv_gcr_promo_detail.TestRegression" name="test_sitemap_xslt" time="0.211" /><testcase classname="backend.tests.test_iter19_enhanced_conv_gcr_promo_detail.TestRegression" name="test_product_highlight_148" time="0.000" /><testcase classname="backend.tests.test_iter19_enhanced_conv_gcr_promo_detail.TestRegression" name="test_sale_price_effective_date_37" time="0.000" /><testcase classname="backend.tests.test_iter19_enhanced_conv_gcr_promo_detail.TestRegression" name="test_return_policy_37" time="0.000" /><testcase classname="backend.tests.test_iter19_enhanced_conv_gcr_promo_detail.TestRegression" name="test_free_shipping_threshold_37" time="0.000" /><testcase classname="backend.tests.test_iter19_enhanced_conv_gcr_promo_detail.TestRegression" name="test_atom_self_href_echoes_alias" time="1.650" /></testsuite></testsuites>