<?xml version="1.0" encoding="utf-8"?><testsuites name="pytest tests"><testsuite name="pytest" errors="0" failures="0" skipped="0" tests="24" time="7.771" timestamp="2026-06-24T21:18:22.534371+00:00" hostname="agent-env-cf0b40b3-7e46-4599-850a-1e0154be538b"><testcase classname="backend.tests.test_google_merchant_feed" name="test_feed_alias_returns_200_xml[/merchant-feed.xml]" time="0.331" /><testcase classname="backend.tests.test_google_merchant_feed" name="test_feed_alias_returns_200_xml[/feed/google-products.xml]" time="0.270" /><testcase classname="backend.tests.test_google_merchant_feed" name="test_feed_alias_returns_200_xml[/feeds/google-products.xml]" time="0.256" /><testcase classname="backend.tests.test_google_merchant_feed" name="test_feed_alias_returns_200_xml[/google-merchant-feed.xml]" time="0.277" /><testcase classname="backend.tests.test_google_merchant_feed" name="test_feed_alias_returns_200_xml[/google-shopping-feed.xml]" time="0.251" /><testcase classname="backend.tests.test_google_merchant_feed" name="test_feed_cache_and_robots_headers_origin[/merchant-feed.xml]" time="0.162" /><testcase classname="backend.tests.test_google_merchant_feed" name="test_feed_cache_and_robots_headers_origin[/feed/google-products.xml]" time="0.169" /><testcase classname="backend.tests.test_google_merchant_feed" name="test_feed_cache_and_robots_headers_origin[/feeds/google-products.xml]" time="0.198" /><testcase classname="backend.tests.test_google_merchant_feed" name="test_feed_cache_and_robots_headers_origin[/google-merchant-feed.xml]" time="0.168" /><testcase classname="backend.tests.test_google_merchant_feed" name="test_feed_cache_and_robots_headers_origin[/google-shopping-feed.xml]" time="0.160" /><testcase classname="backend.tests.test_google_merchant_feed" name="test_feed_has_37_items_with_required_google_fields" time="0.321" /><testcase classname="backend.tests.test_google_merchant_feed" name="test_random_5_items_have_gtin_and_resolvable_links" time="1.438" /><testcase classname="backend.tests.test_google_merchant_feed" name="test_atom_self_link_matches_request_url[/merchant-feed.xml]" time="0.256" /><testcase classname="backend.tests.test_google_merchant_feed" name="test_atom_self_link_matches_request_url[/feed/google-products.xml]" time="0.275" /><testcase classname="backend.tests.test_google_merchant_feed" name="test_atom_self_link_matches_request_url[/feeds/google-products.xml]" time="0.252" /><testcase classname="backend.tests.test_google_merchant_feed" name="test_atom_self_link_matches_request_url[/google-merchant-feed.xml]" time="0.265" /><testcase classname="backend.tests.test_google_merchant_feed" name="test_atom_self_link_matches_request_url[/google-shopping-feed.xml]" time="0.292" /><testcase classname="backend.tests.test_google_merchant_feed" name="test_robots_txt_lists_both_feed_sitemaps_with_public_host" time="0.291" /><testcase classname="backend.tests.test_google_merchant_feed" name="test_all_feed_urls_use_public_host" time="0.001" /><testcase classname="backend.tests.test_google_merchant_feed" name="test_sample_3_item_links_are_http_200" time="0.970" /><testcase classname="backend.tests.test_google_merchant_feed" name="test_sale_effective_date_count_matches_sale_price" time="0.001" /><testcase classname="backend.tests.test_google_merchant_feed" name="test_sale_effective_date_format_and_rolling_window" time="0.010" /><testcase classname="backend.tests.test_google_merchant_feed" name="test_admin_pinned_window_overrides_rolling_for_id2" time="0.292" /><testcase classname="backend.tests.test_google_merchant_feed" name="test_admin_form_has_sale_window_inputs" time="0.800" /></testsuite></testsuites>