<?xml version="1.0" encoding="utf-8"?><testsuites name="pytest tests"><testsuite name="pytest" errors="0" failures="0" skipped="0" tests="29" time="8.645" timestamp="2026-06-24T21:29:38.080849+00:00" hostname="agent-env-cf0b40b3-7e46-4599-850a-1e0154be538b"><testcase classname="backend.tests.test_google_merchant_feed" name="test_feed_alias_returns_200_xml[/merchant-feed.xml]" time="0.515" /><testcase classname="backend.tests.test_google_merchant_feed" name="test_feed_alias_returns_200_xml[/feed/google-products.xml]" time="0.310" /><testcase classname="backend.tests.test_google_merchant_feed" name="test_feed_alias_returns_200_xml[/feeds/google-products.xml]" time="0.332" /><testcase classname="backend.tests.test_google_merchant_feed" name="test_feed_alias_returns_200_xml[/google-merchant-feed.xml]" time="0.310" /><testcase classname="backend.tests.test_google_merchant_feed" name="test_feed_alias_returns_200_xml[/google-shopping-feed.xml]" time="0.334" /><testcase classname="backend.tests.test_google_merchant_feed" name="test_feed_cache_and_robots_headers_origin[/merchant-feed.xml]" time="0.194" /><testcase classname="backend.tests.test_google_merchant_feed" name="test_feed_cache_and_robots_headers_origin[/feed/google-products.xml]" time="0.189" /><testcase classname="backend.tests.test_google_merchant_feed" name="test_feed_cache_and_robots_headers_origin[/feeds/google-products.xml]" time="0.158" /><testcase classname="backend.tests.test_google_merchant_feed" name="test_feed_cache_and_robots_headers_origin[/google-merchant-feed.xml]" time="0.149" /><testcase classname="backend.tests.test_google_merchant_feed" name="test_feed_cache_and_robots_headers_origin[/google-shopping-feed.xml]" time="0.166" /><testcase classname="backend.tests.test_google_merchant_feed" name="test_feed_has_37_items_with_required_google_fields" time="0.313" /><testcase classname="backend.tests.test_google_merchant_feed" name="test_random_5_items_have_gtin_and_resolvable_links" time="1.480" /><testcase classname="backend.tests.test_google_merchant_feed" name="test_atom_self_link_matches_request_url[/merchant-feed.xml]" time="0.249" /><testcase classname="backend.tests.test_google_merchant_feed" name="test_atom_self_link_matches_request_url[/feed/google-products.xml]" time="0.341" /><testcase classname="backend.tests.test_google_merchant_feed" name="test_atom_self_link_matches_request_url[/feeds/google-products.xml]" time="0.427" /><testcase classname="backend.tests.test_google_merchant_feed" name="test_atom_self_link_matches_request_url[/google-merchant-feed.xml]" time="0.264" /><testcase classname="backend.tests.test_google_merchant_feed" name="test_atom_self_link_matches_request_url[/google-shopping-feed.xml]" time="0.308" /><testcase classname="backend.tests.test_google_merchant_feed" name="test_robots_txt_lists_both_feed_sitemaps_with_public_host" time="0.268" /><testcase classname="backend.tests.test_google_merchant_feed" name="test_all_feed_urls_use_public_host" time="0.001" /><testcase classname="backend.tests.test_google_merchant_feed" name="test_sample_3_item_links_are_http_200" time="1.038" /><testcase classname="backend.tests.test_google_merchant_feed" name="test_sale_effective_date_count_matches_sale_price" time="0.001" /><testcase classname="backend.tests.test_google_merchant_feed" name="test_sale_effective_date_format_and_rolling_window" time="0.012" /><testcase classname="backend.tests.test_google_merchant_feed" name="test_admin_pinned_window_overrides_rolling_for_id2" time="0.291" /><testcase classname="backend.tests.test_google_merchant_feed" name="test_admin_form_has_sale_window_inputs" time="0.877" /><testcase classname="backend.tests.test_google_merchant_feed" name="test_product_highlight_count_per_item" time="0.001" /><testcase classname="backend.tests.test_google_merchant_feed" name="test_product_highlight_content_sanity" time="0.001" /><testcase classname="backend.tests.test_google_merchant_feed" name="test_product_highlight_office_id1_synthesised_bullets" time="0.001" /><testcase classname="backend.tests.test_google_merchant_feed" name="test_product_highlight_windows_id21_no_apps_has_guarantee" time="0.001" /><testcase classname="backend.tests.test_google_merchant_feed" name="test_product_highlight_antivirus_brand_correct" time="0.001" /></testsuite></testsuites>