<?xml version="1.0" encoding="utf-8"?><testsuites name="pytest tests"><testsuite name="pytest" errors="0" failures="1" skipped="4" tests="136" time="30.383" timestamp="2026-06-24T23:09:15.912698+00:00" hostname="agent-env-cf0b40b3-7e46-4599-850a-1e0154be538b"><testcase classname="backend.tests.test_ads_readiness.TestPhaseAJsonLD" name="test_organization_jsonld_required_fields" time="0.214" /><testcase classname="backend.tests.test_ads_readiness.TestPhaseAJsonLD" name="test_localbusiness_has_address" time="0.252" /><testcase classname="backend.tests.test_ads_readiness.TestPhaseAJsonLD" name="test_product_pricevaliduntil_default_is_date" time="0.195" /><testcase classname="backend.tests.test_ads_readiness.TestPhaseAJsonLD" name="test_product_pricevaliduntil_from_sale_window" time="0.708" /><testcase classname="backend.tests.test_ads_readiness.TestPhaseAJsonLD" name="test_tax_transparency_line_under_price" time="0.235" /><testcase classname="backend.tests.test_ads_readiness.TestPhaseBTracking" name="test_dormant_no_pixels" time="0.255" /><testcase classname="backend.tests.test_ads_readiness.TestPhaseBTracking" name="test_tracker_activates[ga4_measurement_id-G-TEST123ABC-markers0]" time="0.252" /><testcase classname="backend.tests.test_ads_readiness.TestPhaseBTracking" name="test_tracker_activates[google_ads_tag_id-AW-9999999999-markers1]" time="0.236" /><testcase classname="backend.tests.test_ads_readiness.TestPhaseBTracking" name="test_tracker_activates[bing_uet_tag_id-87654321-markers2]" time="0.256" /><testcase classname="backend.tests.test_ads_readiness.TestPhaseBTracking" name="test_tracker_activates[clarity_project_id-clarTest01-markers3]" time="0.257" /><testcase classname="backend.tests.test_ads_readiness.TestPhaseBTracking" name="test_view_item_event_on_product" time="0.228" /><testcase classname="backend.tests.test_ads_readiness.TestPhaseBTracking" name="test_bing_uet_view_item_on_product" time="0.268" /><testcase classname="backend.tests.test_ads_readiness.TestPhaseCPerformance" name="test_deferred_scripts" time="0.167" /><testcase classname="backend.tests.test_ads_readiness.TestPhaseCPerformance" name="test_lazyload_runtime_script_present" time="0.192" /><testcase classname="backend.tests.test_ads_readiness.TestPhaseDAbout" name="test_about_trust_and_faq_blocks" time="0.181" /><testcase classname="backend.tests.test_ads_readiness.TestPhaseDAbout" name="test_about_faqpage_jsonld_and_dates" time="0.202" /><testcase classname="backend.tests.test_ads_readiness.TestBug1SameAsFallback" name="test_sameAs_fallback_when_no_socials" time="0.299" /><testcase classname="backend.tests.test_ads_readiness.TestBug1SameAsFallback" name="test_sameAs_uses_real_socials_when_seeded" time="0.314" /><testcase classname="backend.tests.test_ads_readiness.TestBug2TrackingPreservation" name="test_invalid_input_preserves_valid_values" time="1.122" /><testcase classname="backend.tests.test_ads_readiness.TestRegressionFeed" name="test_merchant_feed_counts" time="0.234" /><testcase classname="backend.tests.test_google_merchant_feed" name="test_feed_alias_returns_200_xml[/merchant-feed.xml]" time="0.360" /><testcase classname="backend.tests.test_google_merchant_feed" name="test_feed_alias_returns_200_xml[/feed/google-products.xml]" time="0.253" /><testcase classname="backend.tests.test_google_merchant_feed" name="test_feed_alias_returns_200_xml[/feeds/google-products.xml]" time="0.270" /><testcase classname="backend.tests.test_google_merchant_feed" name="test_feed_alias_returns_200_xml[/google-merchant-feed.xml]" time="0.294" /><testcase classname="backend.tests.test_google_merchant_feed" name="test_feed_alias_returns_200_xml[/google-shopping-feed.xml]" time="0.271" /><testcase classname="backend.tests.test_google_merchant_feed" name="test_feed_cache_and_robots_headers_origin[/merchant-feed.xml]" time="0.164" /><testcase classname="backend.tests.test_google_merchant_feed" name="test_feed_cache_and_robots_headers_origin[/feed/google-products.xml]" time="0.168" /><testcase classname="backend.tests.test_google_merchant_feed" name="test_feed_cache_and_robots_headers_origin[/feeds/google-products.xml]" time="0.172" /><testcase classname="backend.tests.test_google_merchant_feed" name="test_feed_cache_and_robots_headers_origin[/google-merchant-feed.xml]" time="0.198" /><testcase classname="backend.tests.test_google_merchant_feed" name="test_feed_cache_and_robots_headers_origin[/google-shopping-feed.xml]" time="0.219" /><testcase classname="backend.tests.test_google_merchant_feed" name="test_feed_has_37_items_with_required_google_fields" time="0.331" /><testcase classname="backend.tests.test_google_merchant_feed" name="test_random_5_items_have_gtin_and_resolvable_links" time="1.475" /><testcase classname="backend.tests.test_google_merchant_feed" name="test_atom_self_link_matches_request_url[/merchant-feed.xml]" time="0.317" /><testcase classname="backend.tests.test_google_merchant_feed" name="test_atom_self_link_matches_request_url[/feed/google-products.xml]" time="0.260" /><testcase classname="backend.tests.test_google_merchant_feed" name="test_atom_self_link_matches_request_url[/feeds/google-products.xml]" time="0.274" /><testcase classname="backend.tests.test_google_merchant_feed" name="test_atom_self_link_matches_request_url[/google-merchant-feed.xml]" time="0.286" /><testcase classname="backend.tests.test_google_merchant_feed" name="test_atom_self_link_matches_request_url[/google-shopping-feed.xml]" time="0.280" /><testcase classname="backend.tests.test_google_merchant_feed" name="test_robots_txt_lists_both_feed_sitemaps_with_public_host" time="0.261" /><testcase classname="backend.tests.test_google_merchant_feed" name="test_all_feed_urls_use_public_host" time="0.004" /><testcase classname="backend.tests.test_google_merchant_feed" name="test_sample_3_item_links_are_http_200" time="0.854" /><testcase classname="backend.tests.test_google_merchant_feed" name="test_sale_effective_date_count_matches_sale_price" time="0.002" /><testcase classname="backend.tests.test_google_merchant_feed" name="test_sale_effective_date_format_and_rolling_window" time="0.011" /><testcase classname="backend.tests.test_google_merchant_feed" name="test_admin_pinned_window_overrides_rolling_for_id2" time="0.301" /><testcase classname="backend.tests.test_google_merchant_feed" name="test_admin_form_has_sale_window_inputs" time="0.782" /><testcase classname="backend.tests.test_google_merchant_feed" name="test_product_highlight_count_per_item" time="0.002" /><testcase classname="backend.tests.test_google_merchant_feed" name="test_product_highlight_content_sanity" time="0.001" /><testcase classname="backend.tests.test_google_merchant_feed" name="test_product_highlight_office_id1_synthesised_bullets" time="0.001" /><testcase classname="backend.tests.test_google_merchant_feed" name="test_product_highlight_windows_id21_no_apps_has_guarantee" time="0.001" /><testcase classname="backend.tests.test_google_merchant_feed" name="test_product_highlight_antivirus_brand_correct" time="0.001" /><testcase classname="backend.tests.test_iter18_bing_feed_sitemap.TestSitemapRendering" name="test_sitemap_xml_status_and_ct" time="0.271" /><testcase classname="backend.tests.test_iter18_bing_feed_sitemap.TestSitemapRendering" name="test_sitemap_starts_with_decl_and_xsl_pi" time="0.234" /><testcase classname="backend.tests.test_iter18_bing_feed_sitemap.TestSitemapRendering" name="test_sitemap_has_at_least_80_url_entries" time="0.264" /><testcase classname="backend.tests.test_iter18_bing_feed_sitemap.TestSitemapRendering" name="test_xsl_asset_reachable" time="0.046" /><testcase classname="backend.tests.test_iter18_bing_feed_sitemap.TestSitemapRendering" name="test_xsl_table_headers_present" time="0.053" /><testcase classname="backend.tests.test_iter18_bing_feed_sitemap.TestFeedRoutesReachable" name="test_route_returns_200_and_xml[/feed/bing-shopping.xml]" time="0.216" /><testcase classname="backend.tests.test_iter18_bing_feed_sitemap.TestFeedRoutesReachable" name="test_route_returns_200_and_xml[/feeds/bing-shopping.xml]" time="0.256" /><testcase classname="backend.tests.test_iter18_bing_feed_sitemap.TestFeedRoutesReachable" name="test_route_returns_200_and_xml[/bing-shopping-feed.xml]" time="0.201" /><testcase classname="backend.tests.test_iter18_bing_feed_sitemap.TestFeedRoutesReachable" name="test_route_returns_200_and_xml[/microsoft-merchant-feed.xml]" time="0.244" /><testcase classname="backend.tests.test_iter18_bing_feed_sitemap.TestFeedRoutesReachable" name="test_route_returns_200_and_xml[/merchant-feed.xml]" time="0.225" /><testcase classname="backend.tests.test_iter18_bing_feed_sitemap.TestFeedRoutesReachable" name="test_route_returns_200_and_xml[/feed/google-products.xml]" time="0.212" /><testcase classname="backend.tests.test_iter18_bing_feed_sitemap.TestFeedRoutesReachable" name="test_route_returns_200_and_xml[/feeds/google-products.xml]" time="0.201" /><testcase classname="backend.tests.test_iter18_bing_feed_sitemap.TestFeedRoutesReachable" name="test_route_returns_200_and_xml[/google-merchant-feed.xml]" time="0.201" /><testcase classname="backend.tests.test_iter18_bing_feed_sitemap.TestFeedRoutesReachable" name="test_route_returns_200_and_xml[/google-shopping-feed.xml]" time="0.223" /><testcase classname="backend.tests.test_iter18_bing_feed_sitemap.TestBingNativeRssFieldAliases" name="test_bing_items_have_native_fields" time="0.215" /><testcase classname="backend.tests.test_iter18_bing_feed_sitemap.TestBingNativeRssFieldAliases" name="test_google_items_do_not_have_native_fields" time="0.218" /><testcase classname="backend.tests.test_iter18_bing_feed_sitemap.TestChannelTitleDifferentiation" name="test_bing_channel_title_suffix" time="0.206" /><testcase classname="backend.tests.test_iter18_bing_feed_sitemap.TestChannelTitleDifferentiation" name="test_google_channel_title_suffix" time="0.201" /><testcase classname="backend.tests.test_iter18_bing_feed_sitemap.TestAtomSelfLinkEchoesAlias" name="test_self_link_matches_request_path[/feed/bing-shopping.xml]" time="0.200" /><testcase classname="backend.tests.test_iter18_bing_feed_sitemap.TestAtomSelfLinkEchoesAlias" name="test_self_link_matches_request_path[/feeds/bing-shopping.xml]" time="0.213" /><testcase classname="backend.tests.test_iter18_bing_feed_sitemap.TestAtomSelfLinkEchoesAlias" name="test_self_link_matches_request_path[/bing-shopping-feed.xml]" time="0.233" /><testcase classname="backend.tests.test_iter18_bing_feed_sitemap.TestAtomSelfLinkEchoesAlias" name="test_self_link_matches_request_path[/microsoft-merchant-feed.xml]" time="0.207" /><testcase classname="backend.tests.test_iter18_bing_feed_sitemap.TestRobotsTxt" name="test_three_sitemap_directives" time="0.210" /><testcase classname="backend.tests.test_iter18_bing_feed_sitemap.TestGoogleFeedRegression" name="test_37_items" time="0.286" /><testcase classname="backend.tests.test_iter18_bing_feed_sitemap.TestGoogleFeedRegression" name="test_148_product_highlights" time="0.000" /><testcase classname="backend.tests.test_iter18_bing_feed_sitemap.TestGoogleFeedRegression" name="test_37_sale_price_effective_date" time="0.000" /><testcase classname="backend.tests.test_iter18_bing_feed_sitemap.TestGoogleFeedRegression" name="test_37_return_policy" time="0.000" /><testcase classname="backend.tests.test_iter18_bing_feed_sitemap.TestGoogleFeedRegression" name="test_37_free_shipping_threshold" time="0.000" /><testcase classname="backend.tests.test_iter18_bing_feed_sitemap.TestGoogleFeedRegression" name="test_cache_headers" time="0.164" /><testcase classname="backend.tests.test_iter18_bing_feed_sitemap.TestBingFeedRegression" name="test_37_items" time="0.272" /><testcase classname="backend.tests.test_iter18_bing_feed_sitemap.TestBingFeedRegression" name="test_148_product_highlights" time="0.000" /><testcase classname="backend.tests.test_iter18_bing_feed_sitemap.TestBingFeedRegression" name="test_37_return_policy" time="0.000" /><testcase classname="backend.tests.test_iter18_bing_feed_sitemap.TestBingFeedRegression" name="test_37_free_shipping_threshold" time="0.000" /><testcase classname="backend.tests.test_iter18_bing_feed_sitemap.TestProductPageRegression" name="test_title_under_60_chars" time="0.258" /><testcase classname="backend.tests.test_iter18_bing_feed_sitemap.TestProductPageRegression" name="test_meta_description_present" time="0.000" /><testcase classname="backend.tests.test_iter18_bing_feed_sitemap.TestProductPageRegression" name="test_product_jsonld_has_shipping_array_and_return_policy" time="0.001" /><testcase classname="backend.tests.test_product_ads_seo" name="test_title_under_60_chars[windows-11-pro]" time="0.171" /><testcase classname="backend.tests.test_product_ads_seo" name="test_title_under_60_chars[microsoft-office-home-2024-pc]" time="0.178" /><testcase classname="backend.tests.test_product_ads_seo" name="test_title_under_60_chars[bitdefender-antivirus-for-mac-1-mac-1-year]" time="0.239" /><testcase classname="backend.tests.test_product_ads_seo" name="test_title_fallback_long_name" time="0.189" /><testcase classname="backend.tests.test_product_ads_seo" name="test_title_long_format_short_name" time="0.177"><failure message="AssertionError: windows-11-pro should use long 'Buy ... | ... | $X' format, got: 'Buy Windows 11 Pro | Lifetime License Key'&#10;assert None&#10; +  where None = &lt;built-in method match of re.Pattern object at 0xfbccd0c40040&gt;('Buy Windows 11 Pro | Lifetime License Key')&#10; +    where &lt;built-in method match of re.Pattern object at 0xfbccd0c40040&gt; = re.compile('^Buy [A-Z].* \\| .* \\| \\$\\d+(\\.\\d+)?$').match">E   AssertionError: windows-11-pro should use long 'Buy ... | ... | $X' format, got: 'Buy Windows 11 Pro | Lifetime License Key'
    assert None
     +  where None = &lt;built-in method match of re.Pattern object at 0xfbccd0c40040&gt;('Buy Windows 11 Pro | Lifetime License Key')
     +    where &lt;built-in method match of re.Pattern object at 0xfbccd0c40040&gt; = re.compile('^Buy [A-Z].* \\| .* \\| \\$\\d+(\\.\\d+)?$').match</failure></testcase><testcase classname="backend.tests.test_product_ads_seo" name="test_meta_description_signals_and_length" time="0.169" /><testcase classname="backend.tests.test_product_ads_seo" name="test_meta_description_savings_clause_when_discounted" time="0.189" /><testcase classname="backend.tests.test_product_ads_seo" name="test_meta_description_no_fabricated_discount" time="0.013"><skipped type="pytest.skip" message="No product without discount in DB">/app/backend/tests/test_product_ads_seo.py:147: No product without discount in DB</skipped></testcase><testcase classname="backend.tests.test_product_ads_seo" name="test_h1_uses_ads_string_and_canonical_preserved" time="0.214" /><testcase classname="backend.tests.test_product_ads_seo" name="test_platform_chip_in_h1[windows-11-pro-for 1 PC]" time="0.179" /><testcase classname="backend.tests.test_product_ads_seo" name="test_platform_chip_in_h1[microsoft-office-home-business-2024-mac-for 1 Mac]" time="0.176" /><testcase classname="backend.tests.test_product_ads_seo" name="test_platform_fallback_device_for_multidevice" time="0.178" /><testcase classname="backend.tests.test_product_ads_seo" name="test_license_chip_subscription_product" time="0.009"><skipped type="pytest.skip" message="No subscription product in DB">/app/backend/tests/test_product_ads_seo.py:212: No subscription product in DB</skipped></testcase><testcase classname="backend.tests.test_product_ads_seo" name="test_license_chip_lifetime_product" time="0.245" /><testcase classname="backend.tests.test_product_ads_seo" name="test_admin_meta_description_overrides_auto" time="0.463" /><testcase classname="backend.tests.test_product_ads_seo" name="test_product_jsonld_required_keys" time="0.471" /><testcase classname="backend.tests.test_product_rich_results_iter17.TestShippingDetailsArray" name="test_shipping_details_is_array[windows-11-pro0]" time="0.316" /><testcase classname="backend.tests.test_product_rich_results_iter17.TestShippingDetailsArray" name="test_shipping_details_is_array[microsoft-office-home-2024-pc]" time="0.361" /><testcase classname="backend.tests.test_product_rich_results_iter17.TestShippingDetailsArray" name="test_shipping_details_is_array[windows-11-pro1]" time="0.195" /><testcase classname="backend.tests.test_product_rich_results_iter17.TestShippingDetailsArray" name="test_each_entry_has_required_shape" time="0.180" /><testcase classname="backend.tests.test_product_rich_results_iter17.TestShippingDetailsArray" name="test_shape_consistent_across_slugs" time="0.374" /><testcase classname="backend.tests.test_product_rich_results_iter17.TestMerchantReturnPolicy" name="test_all_required_keys_present" time="0.219" /><testcase classname="backend.tests.test_product_rich_results_iter17.TestMerchantReturnPolicy" name="test_key_values_correct" time="0.209" /><testcase classname="backend.tests.test_product_rich_results_iter17.TestMerchantReturnPolicy" name="test_policy_consistent_across_slugs[windows-11-pro]" time="0.172" /><testcase classname="backend.tests.test_product_rich_results_iter17.TestMerchantReturnPolicy" name="test_policy_consistent_across_slugs[microsoft-office-home-2024-pc]" time="0.230" /><testcase classname="backend.tests.test_product_rich_results_iter17.TestRichResultCompat" name="test_no_address_country_array" time="0.172" /><testcase classname="backend.tests.test_product_rich_results_iter17.TestRichResultCompat" name="test_return_policy_applicable_country_present" time="0.184" /><testcase classname="backend.tests.test_product_rich_results_iter17.TestMerchantFeed" name="test_item_count_is_37" time="0.152" /><testcase classname="backend.tests.test_product_rich_results_iter17.TestMerchantFeed" name="test_return_policy_count_is_37" time="0.000" /><testcase classname="backend.tests.test_product_rich_results_iter17.TestMerchantFeed" name="test_return_policy_block_structure" time="0.000" /><testcase classname="backend.tests.test_product_rich_results_iter17.TestMerchantFeed" name="test_free_shipping_threshold_count_is_37" time="0.000" /><testcase classname="backend.tests.test_public_domain_hygiene" name="test_public_page_has_no_preview_urls_on_prod_host[/]" time="0.198" /><testcase classname="backend.tests.test_public_domain_hygiene" name="test_public_page_has_no_preview_urls_on_prod_host[/shop.php]" time="0.207" /><testcase classname="backend.tests.test_public_domain_hygiene" name="test_public_page_has_no_preview_urls_on_prod_host[/product.php?slug=microsoft-office-2024-professional-plus-windows]" time="0.203" /><testcase classname="backend.tests.test_public_domain_hygiene" name="test_public_page_has_no_preview_urls_on_prod_host[/product.php?slug=bitdefender-antivirus-for-mac-1-mac-1-year]" time="0.165" /><testcase classname="backend.tests.test_public_domain_hygiene" name="test_public_page_has_no_preview_urls_on_prod_host[/reviews.php]" time="0.169" /><testcase classname="backend.tests.test_public_domain_hygiene" name="test_public_page_has_no_preview_urls_on_prod_host[/track-order.php]" time="0.326" /><testcase classname="backend.tests.test_public_domain_hygiene" name="test_public_page_has_no_preview_urls_on_prod_host[/order-history.php]" time="0.155" /><testcase classname="backend.tests.test_public_domain_hygiene" name="test_public_page_has_no_preview_urls_on_prod_host[/cart.php]" time="0.167" /><testcase classname="backend.tests.test_public_domain_hygiene" name="test_public_page_has_no_preview_urls_on_prod_host[/checkout.php]" time="0.341" /><testcase classname="backend.tests.test_public_domain_hygiene" name="test_public_page_has_no_preview_urls_on_prod_host[/about-us.php]" time="0.150" /><testcase classname="backend.tests.test_public_domain_hygiene" name="test_public_page_has_no_preview_urls_on_prod_host[/contact.php]" time="0.180" /><testcase classname="backend.tests.test_public_domain_hygiene" name="test_public_page_has_no_preview_urls_on_prod_host[/support.php]" time="0.166" /><testcase classname="backend.tests.test_public_domain_hygiene" name="test_public_page_has_no_preview_urls_on_prod_host[/blog.php]" time="0.147" /><testcase classname="backend.tests.test_public_domain_hygiene" name="test_order_success_qr_uses_prod_host" time="0.322"><skipped type="pytest.skip" message="No matching order found for QR test">/app/backend/tests/test_public_domain_hygiene.py:63: No matching order found for QR test</skipped></testcase><testcase classname="backend.tests.test_public_domain_hygiene" name="test_company_logo_is_not_preview_host" time="0.159" /><testcase classname="backend.tests.test_public_domain_hygiene" name="test_nav_links_are_relative_or_prod" time="0.153" /><testcase classname="backend.tests.test_public_domain_hygiene" name="test_preview_host_context_still_works" time="0.158" /><testcase classname="backend.tests.test_public_domain_hygiene" name="test_checkout_flow_redirects_to_order_success_on_prod_host" time="0.150"><skipped type="pytest.skip" message="Could not discover product_id from product page">/app/backend/tests/test_public_domain_hygiene.py:118: Could not discover product_id from product page</skipped></testcase><testcase classname="backend.tests.test_public_domain_hygiene" name="test_setup_check_shows_hygiene_card_when_leaks_exist_then_fix_clears_them" time="0.545" /><testcase classname="backend.tests.test_public_domain_hygiene" name="test_setup_check_excludes_json_blob_rows_from_leak_table" time="0.506" /></testsuite></testsuites>