<?xml version="1.0" encoding="utf-8"?><testsuites name="pytest tests"><testsuite name="pytest" errors="0" failures="6" skipped="0" tests="18" time="5.623" timestamp="2026-06-24T20:52:38.857478+00:00" hostname="agent-env-cf0b40b3-7e46-4599-850a-1e0154be538b"><testcase classname="backend.tests.test_google_merchant_feed" name="test_feed_alias_returns_200_xml[/merchant-feed.xml]" time="0.415" /><testcase classname="backend.tests.test_google_merchant_feed" name="test_feed_alias_returns_200_xml[/feed/google-products.xml]" time="0.320" /><testcase classname="backend.tests.test_google_merchant_feed" name="test_feed_alias_returns_200_xml[/feeds/google-products.xml]" time="0.349" /><testcase classname="backend.tests.test_google_merchant_feed" name="test_feed_alias_returns_200_xml[/google-merchant-feed.xml]" time="0.326" /><testcase classname="backend.tests.test_google_merchant_feed" name="test_feed_alias_returns_200_xml[/google-shopping-feed.xml]" time="0.264" /><testcase classname="backend.tests.test_google_merchant_feed" name="test_feed_cache_and_robots_headers[/merchant-feed.xml]" time="0.276"><failure message="AssertionError: /merchant-feed.xml Cache-Control='no-store, no-cache, must-revalidate'&#10;assert ('public' in 'no-store, no-cache, must-revalidate')">backend/tests/test_google_merchant_feed.py:57: in test_feed_cache_and_robots_headers
    assert "public" in cc and "max-age=3600" in cc, f"{path} Cache-Control={cc!r}"
E   AssertionError: /merchant-feed.xml Cache-Control='no-store, no-cache, must-revalidate'
E   assert ('public' in 'no-store, no-cache, must-revalidate')</failure></testcase><testcase classname="backend.tests.test_google_merchant_feed" name="test_feed_cache_and_robots_headers[/feed/google-products.xml]" time="0.263"><failure message="AssertionError: /feed/google-products.xml Cache-Control='no-store, no-cache, must-revalidate'&#10;assert ('public' in 'no-store, no-cache, must-revalidate')">backend/tests/test_google_merchant_feed.py:57: in test_feed_cache_and_robots_headers
    assert "public" in cc and "max-age=3600" in cc, f"{path} Cache-Control={cc!r}"
E   AssertionError: /feed/google-products.xml Cache-Control='no-store, no-cache, must-revalidate'
E   assert ('public' in 'no-store, no-cache, must-revalidate')</failure></testcase><testcase classname="backend.tests.test_google_merchant_feed" name="test_feed_cache_and_robots_headers[/feeds/google-products.xml]" time="0.336"><failure message="AssertionError: /feeds/google-products.xml Cache-Control='no-store, no-cache, must-revalidate'&#10;assert ('public' in 'no-store, no-cache, must-revalidate')">backend/tests/test_google_merchant_feed.py:57: in test_feed_cache_and_robots_headers
    assert "public" in cc and "max-age=3600" in cc, f"{path} Cache-Control={cc!r}"
E   AssertionError: /feeds/google-products.xml Cache-Control='no-store, no-cache, must-revalidate'
E   assert ('public' in 'no-store, no-cache, must-revalidate')</failure></testcase><testcase classname="backend.tests.test_google_merchant_feed" name="test_feed_cache_and_robots_headers[/google-merchant-feed.xml]" time="0.259"><failure message="AssertionError: /google-merchant-feed.xml Cache-Control='no-store, no-cache, must-revalidate'&#10;assert ('public' in 'no-store, no-cache, must-revalidate')">backend/tests/test_google_merchant_feed.py:57: in test_feed_cache_and_robots_headers
    assert "public" in cc and "max-age=3600" in cc, f"{path} Cache-Control={cc!r}"
E   AssertionError: /google-merchant-feed.xml Cache-Control='no-store, no-cache, must-revalidate'
E   assert ('public' in 'no-store, no-cache, must-revalidate')</failure></testcase><testcase classname="backend.tests.test_google_merchant_feed" name="test_feed_cache_and_robots_headers[/google-shopping-feed.xml]" time="0.269"><failure message="AssertionError: /google-shopping-feed.xml Cache-Control='no-store, no-cache, must-revalidate'&#10;assert ('public' in 'no-store, no-cache, must-revalidate')">backend/tests/test_google_merchant_feed.py:57: in test_feed_cache_and_robots_headers
    assert "public" in cc and "max-age=3600" in cc, f"{path} Cache-Control={cc!r}"
E   AssertionError: /google-shopping-feed.xml Cache-Control='no-store, no-cache, must-revalidate'
E   assert ('public' in 'no-store, no-cache, must-revalidate')</failure></testcase><testcase classname="backend.tests.test_google_merchant_feed" name="test_feed_has_37_items_with_required_google_fields" time="0.290" /><testcase classname="backend.tests.test_google_merchant_feed" name="test_random_5_items_have_gtin_and_resolvable_links" time="0.189"><failure message="AssertionError: product link https://show-live-7.cluster-5.preview.emergentcf.cloud/product.php?slug=ms-visio-professional-2019-pc -&gt; 403&#10;assert 403 == 200&#10; +  where 403 = &lt;Response [403]&gt;.status_code">backend/tests/test_google_merchant_feed.py:107: in test_random_5_items_have_gtin_and_resolvable_links
    assert r.status_code == 200, f"product link {link} -&gt; {r.status_code}"
E   AssertionError: product link https://show-live-7.cluster-5.preview.emergentcf.cloud/product.php?slug=ms-visio-professional-2019-pc -&gt; 403
E   assert 403 == 200
E    +  where 403 = &lt;Response [403]&gt;.status_code</failure></testcase><testcase classname="backend.tests.test_google_merchant_feed" name="test_atom_self_link_matches_request_url[/merchant-feed.xml]" time="0.317" /><testcase classname="backend.tests.test_google_merchant_feed" name="test_atom_self_link_matches_request_url[/feed/google-products.xml]" time="0.270" /><testcase classname="backend.tests.test_google_merchant_feed" name="test_atom_self_link_matches_request_url[/feeds/google-products.xml]" time="0.266" /><testcase classname="backend.tests.test_google_merchant_feed" name="test_atom_self_link_matches_request_url[/google-merchant-feed.xml]" time="0.309" /><testcase classname="backend.tests.test_google_merchant_feed" name="test_atom_self_link_matches_request_url[/google-shopping-feed.xml]" time="0.264" /><testcase classname="backend.tests.test_google_merchant_feed" name="test_robots_txt_lists_both_feed_sitemaps" time="0.367" /></testsuite></testsuites>