<?xml version="1.0" encoding="utf-8"?><testsuites name="pytest tests"><testsuite name="pytest" errors="0" failures="0" skipped="3" tests="16" time="2.669" timestamp="2026-06-24T22:42:05.030741+00:00" hostname="agent-env-cf0b40b3-7e46-4599-850a-1e0154be538b"><testcase classname="backend.tests.test_product_ads_seo" name="test_title_under_60_chars[windows-11-pro]" time="0.191" /><testcase classname="backend.tests.test_product_ads_seo" name="test_title_under_60_chars[microsoft-office-home-2024-pc]" time="0.185" /><testcase classname="backend.tests.test_product_ads_seo" name="test_title_under_60_chars[bitdefender-antivirus-for-mac-1-mac-1-year]" time="0.179" /><testcase classname="backend.tests.test_product_ads_seo" name="test_title_fallback_long_name" time="0.178" /><testcase classname="backend.tests.test_product_ads_seo" name="test_title_long_format_short_name" time="0.176" /><testcase classname="backend.tests.test_product_ads_seo" name="test_meta_description_signals_and_length" time="0.188" /><testcase classname="backend.tests.test_product_ads_seo" name="test_meta_description_savings_clause_when_discounted" time="0.260" /><testcase classname="backend.tests.test_product_ads_seo" name="test_meta_description_no_fabricated_discount" time="0.010"><skipped type="pytest.skip" message="No product without discount in DB">/app/backend/tests/test_product_ads_seo.py:147: No product without discount in DB</skipped></testcase><testcase classname="backend.tests.test_product_ads_seo" name="test_h1_uses_ads_string_and_canonical_preserved" time="0.189" /><testcase classname="backend.tests.test_product_ads_seo" name="test_platform_chip_in_h1[windows-11-pro-for 1 PC]" time="0.199" /><testcase classname="backend.tests.test_product_ads_seo" name="test_platform_chip_in_h1[microsoft-office-home-business-2024-mac-for 1 Mac]" time="0.198" /><testcase classname="backend.tests.test_product_ads_seo" name="test_platform_fallback_device_for_multidevice" time="0.199" /><testcase classname="backend.tests.test_product_ads_seo" name="test_license_chip_subscription_product" time="0.011"><skipped type="pytest.skip" message="No subscription product in DB">/app/backend/tests/test_product_ads_seo.py:212: No subscription product in DB</skipped></testcase><testcase classname="backend.tests.test_product_ads_seo" name="test_license_chip_lifetime_product" time="0.008"><skipped type="pytest.skip" message="No lifetime product in DB">/app/backend/tests/test_product_ads_seo.py:227: No lifetime product in DB</skipped></testcase><testcase classname="backend.tests.test_product_ads_seo" name="test_admin_meta_description_overrides_auto" time="0.209" /><testcase classname="backend.tests.test_product_ads_seo" name="test_product_jsonld_required_keys" time="0.173" /></testsuite></testsuites>