<?xml version="1.0" encoding="utf-8"?><testsuites name="pytest tests"><testsuite name="pytest" errors="0" failures="1" skipped="0" tests="36" time="6.078" timestamp="2026-06-24T23:08:41.945586+00:00" hostname="agent-env-cf0b40b3-7e46-4599-850a-1e0154be538b"><testcase classname="backend.tests.test_iter18_bing_feed_sitemap.TestSitemapRendering" name="test_sitemap_xml_status_and_ct" time="0.389" /><testcase classname="backend.tests.test_iter18_bing_feed_sitemap.TestSitemapRendering" name="test_sitemap_starts_with_decl_and_xsl_pi" time="0.205" /><testcase classname="backend.tests.test_iter18_bing_feed_sitemap.TestSitemapRendering" name="test_sitemap_has_at_least_80_url_entries" time="0.209" /><testcase classname="backend.tests.test_iter18_bing_feed_sitemap.TestSitemapRendering" name="test_xsl_asset_reachable" time="0.097" /><testcase classname="backend.tests.test_iter18_bing_feed_sitemap.TestSitemapRendering" name="test_xsl_table_headers_present" time="0.052" /><testcase classname="backend.tests.test_iter18_bing_feed_sitemap.TestFeedRoutesReachable" name="test_route_returns_200_and_xml[/feed/bing-shopping.xml]" time="0.226" /><testcase classname="backend.tests.test_iter18_bing_feed_sitemap.TestFeedRoutesReachable" name="test_route_returns_200_and_xml[/feeds/bing-shopping.xml]" time="0.226" /><testcase classname="backend.tests.test_iter18_bing_feed_sitemap.TestFeedRoutesReachable" name="test_route_returns_200_and_xml[/bing-shopping-feed.xml]" time="0.214" /><testcase classname="backend.tests.test_iter18_bing_feed_sitemap.TestFeedRoutesReachable" name="test_route_returns_200_and_xml[/microsoft-merchant-feed.xml]" time="0.205" /><testcase classname="backend.tests.test_iter18_bing_feed_sitemap.TestFeedRoutesReachable" name="test_route_returns_200_and_xml[/merchant-feed.xml]" time="0.202" /><testcase classname="backend.tests.test_iter18_bing_feed_sitemap.TestFeedRoutesReachable" name="test_route_returns_200_and_xml[/feed/google-products.xml]" time="0.212" /><testcase classname="backend.tests.test_iter18_bing_feed_sitemap.TestFeedRoutesReachable" name="test_route_returns_200_and_xml[/feeds/google-products.xml]" time="0.211" /><testcase classname="backend.tests.test_iter18_bing_feed_sitemap.TestFeedRoutesReachable" name="test_route_returns_200_and_xml[/google-merchant-feed.xml]" time="0.208" /><testcase classname="backend.tests.test_iter18_bing_feed_sitemap.TestFeedRoutesReachable" name="test_route_returns_200_and_xml[/google-shopping-feed.xml]" time="0.233" /><testcase classname="backend.tests.test_iter18_bing_feed_sitemap.TestBingNativeRssFieldAliases" name="test_bing_items_have_native_fields" time="0.225" /><testcase classname="backend.tests.test_iter18_bing_feed_sitemap.TestBingNativeRssFieldAliases" name="test_google_items_do_not_have_native_fields" time="0.219" /><testcase classname="backend.tests.test_iter18_bing_feed_sitemap.TestChannelTitleDifferentiation" name="test_bing_channel_title_suffix" time="0.242" /><testcase classname="backend.tests.test_iter18_bing_feed_sitemap.TestChannelTitleDifferentiation" name="test_google_channel_title_suffix" time="0.308" /><testcase classname="backend.tests.test_iter18_bing_feed_sitemap.TestAtomSelfLinkEchoesAlias" name="test_self_link_matches_request_path[/feed/bing-shopping.xml]" time="0.219" /><testcase classname="backend.tests.test_iter18_bing_feed_sitemap.TestAtomSelfLinkEchoesAlias" name="test_self_link_matches_request_path[/feeds/bing-shopping.xml]" time="0.245" /><testcase classname="backend.tests.test_iter18_bing_feed_sitemap.TestAtomSelfLinkEchoesAlias" name="test_self_link_matches_request_path[/bing-shopping-feed.xml]" time="0.222" /><testcase classname="backend.tests.test_iter18_bing_feed_sitemap.TestAtomSelfLinkEchoesAlias" name="test_self_link_matches_request_path[/microsoft-merchant-feed.xml]" time="0.245" /><testcase classname="backend.tests.test_iter18_bing_feed_sitemap.TestRobotsTxt" name="test_three_sitemap_directives" time="0.221" /><testcase classname="backend.tests.test_iter18_bing_feed_sitemap.TestGoogleFeedRegression" name="test_37_items" time="0.309" /><testcase classname="backend.tests.test_iter18_bing_feed_sitemap.TestGoogleFeedRegression" name="test_148_product_highlights" time="0.000" /><testcase classname="backend.tests.test_iter18_bing_feed_sitemap.TestGoogleFeedRegression" name="test_37_sale_price_effective_date" time="0.000" /><testcase classname="backend.tests.test_iter18_bing_feed_sitemap.TestGoogleFeedRegression" name="test_37_return_policy" time="0.000" /><testcase classname="backend.tests.test_iter18_bing_feed_sitemap.TestGoogleFeedRegression" name="test_37_free_shipping_threshold" time="0.000" /><testcase classname="backend.tests.test_iter18_bing_feed_sitemap.TestGoogleFeedRegression" name="test_cache_headers" time="0.000"><failure message="AssertionError: no-store, no-cache, must-revalidate&#10;assert ('public' in 'no-store, no-cache, must-revalidate')">backend/tests/test_iter18_bing_feed_sitemap.py:257: in test_cache_headers
    assert "public" in cc and "max-age=3600" in cc, cc
E   AssertionError: no-store, no-cache, must-revalidate
E   assert ('public' in 'no-store, no-cache, must-revalidate')</failure></testcase><testcase classname="backend.tests.test_iter18_bing_feed_sitemap.TestBingFeedRegression" name="test_37_items" time="0.324" /><testcase classname="backend.tests.test_iter18_bing_feed_sitemap.TestBingFeedRegression" name="test_148_product_highlights" time="0.000" /><testcase classname="backend.tests.test_iter18_bing_feed_sitemap.TestBingFeedRegression" name="test_37_return_policy" time="0.000" /><testcase classname="backend.tests.test_iter18_bing_feed_sitemap.TestBingFeedRegression" name="test_37_free_shipping_threshold" time="0.000" /><testcase classname="backend.tests.test_iter18_bing_feed_sitemap.TestProductPageRegression" name="test_title_under_60_chars" time="0.274" /><testcase classname="backend.tests.test_iter18_bing_feed_sitemap.TestProductPageRegression" name="test_meta_description_present" time="0.000" /><testcase classname="backend.tests.test_iter18_bing_feed_sitemap.TestProductPageRegression" name="test_product_jsonld_has_shipping_array_and_return_policy" time="0.001" /></testsuite></testsuites>