<?xml version="1.0" encoding="utf-8"?><testsuites name="pytest tests"><testsuite name="pytest" errors="0" failures="0" skipped="0" tests="15" time="2.709" timestamp="2026-06-24T22:54:07.364551+00:00" hostname="agent-env-cf0b40b3-7e46-4599-850a-1e0154be538b"><testcase classname="backend.tests.test_product_rich_results_iter17.TestShippingDetailsArray" name="test_shipping_details_is_array[windows-11-pro0]" time="0.205" /><testcase classname="backend.tests.test_product_rich_results_iter17.TestShippingDetailsArray" name="test_shipping_details_is_array[microsoft-office-home-2024-pc]" time="0.190" /><testcase classname="backend.tests.test_product_rich_results_iter17.TestShippingDetailsArray" name="test_shipping_details_is_array[windows-11-pro1]" time="0.198" /><testcase classname="backend.tests.test_product_rich_results_iter17.TestShippingDetailsArray" name="test_each_entry_has_required_shape" time="0.195" /><testcase classname="backend.tests.test_product_rich_results_iter17.TestShippingDetailsArray" name="test_shape_consistent_across_slugs" time="0.403" /><testcase classname="backend.tests.test_product_rich_results_iter17.TestMerchantReturnPolicy" name="test_all_required_keys_present" time="0.202" /><testcase classname="backend.tests.test_product_rich_results_iter17.TestMerchantReturnPolicy" name="test_key_values_correct" time="0.208" /><testcase classname="backend.tests.test_product_rich_results_iter17.TestMerchantReturnPolicy" name="test_policy_consistent_across_slugs[windows-11-pro]" time="0.209" /><testcase classname="backend.tests.test_product_rich_results_iter17.TestMerchantReturnPolicy" name="test_policy_consistent_across_slugs[microsoft-office-home-2024-pc]" time="0.190" /><testcase classname="backend.tests.test_product_rich_results_iter17.TestRichResultCompat" name="test_no_address_country_array" time="0.217" /><testcase classname="backend.tests.test_product_rich_results_iter17.TestRichResultCompat" name="test_return_policy_applicable_country_present" time="0.188" /><testcase classname="backend.tests.test_product_rich_results_iter17.TestMerchantFeed" name="test_item_count_is_37" time="0.183" /><testcase classname="backend.tests.test_product_rich_results_iter17.TestMerchantFeed" name="test_return_policy_count_is_37" time="0.001" /><testcase classname="backend.tests.test_product_rich_results_iter17.TestMerchantFeed" name="test_return_policy_block_structure" time="0.000" /><testcase classname="backend.tests.test_product_rich_results_iter17.TestMerchantFeed" name="test_free_shipping_threshold_count_is_37" time="0.001" /></testsuite></testsuites>