<?xml version="1.0" encoding="utf-8"?><testsuites name="pytest tests"><testsuite name="pytest" errors="0" failures="2" skipped="2" tests="103" time="18.145" timestamp="2026-06-24T23:43:38.613330+00:00" hostname="agent-env-cf0b40b3-7e46-4599-850a-1e0154be538b"><testcase classname="backend.tests.test_iter18_bing_feed_sitemap.TestSitemapRendering" name="test_sitemap_xml_status_and_ct" time="0.366" /><testcase classname="backend.tests.test_iter18_bing_feed_sitemap.TestSitemapRendering" name="test_sitemap_starts_with_decl_and_xsl_pi" time="0.186" /><testcase classname="backend.tests.test_iter18_bing_feed_sitemap.TestSitemapRendering" name="test_sitemap_has_at_least_80_url_entries" time="0.189" /><testcase classname="backend.tests.test_iter18_bing_feed_sitemap.TestSitemapRendering" name="test_xsl_asset_reachable" time="0.045"><failure message="assert 502 == 200&#10; +  where 502 = &lt;Response [502]&gt;.status_code">backend/tests/test_iter18_bing_feed_sitemap.py:94: in test_xsl_asset_reachable
    assert r.status_code == 200
E   assert 502 == 200
E    +  where 502 = &lt;Response [502]&gt;.status_code</failure></testcase><testcase classname="backend.tests.test_iter18_bing_feed_sitemap.TestSitemapRendering" name="test_xsl_table_headers_present" time="0.044"><failure message="AssertionError: missing column header URL&#10;assert 'URL' in '&lt;!DOCTYPE html&gt;\n&lt;!--[if lt IE 7]&gt; &lt;html class=&quot;no-js ie6 oldie&quot; lang=&quot;en-US&quot;&gt; &lt;![endif]--&gt;\n&lt;!--[if IE 7]&gt;    &lt;html class=&quot;no-js ie7 oldie&quot; lang=&quot;en-US&quot;&gt; &lt;![endif]--&gt;\n&lt;!--[if IE 8]&gt;    &lt;html class=&quot;no-js ie8 oldie&quot; lang=&quot;en-US&quot;&gt; &lt;![endif]--&gt;\n&lt;!--[if gt IE 8]&gt;&lt;!--&gt; &lt;html class=&quot;no-js&quot; lang=&quot;en-US&quot;&gt; &lt;!--&lt;![endif]--&gt;\n&lt;head&gt;\n\n&lt;title&gt;preview.emergentagent.com | 502: Bad gateway&lt;/title&gt;\n&lt;meta charset=&quot;UTF-8&quot; /&gt;\n&lt;meta http-equiv=&quot;Content-Type&quot; content=&quot;text/html; charset=UTF-8&quot; /&gt;\n&lt;meta http-equiv=&quot;X-UA-Compatible&quot; content=&quot;IE=Edge&quot; /&gt;\n&lt;meta name=&quot;robots&quot; content=&quot;noindex, nofollow&quot; /&gt;\n&lt;meta name=&quot;viewport&quot; content=&quot;width=device-width,initial-scale=1&quot; /&gt;\n&lt;link rel=&quot;stylesheet&quot; id=&quot;cf_styles-css&quot; href=&quot;/cdn-cgi/styles/main.css&quot; /&gt;\n&lt;/head&gt;\n&lt;body&gt;\n&lt;div id=&quot;cf-wrapper&quot;&gt;\n    &lt;div id=&quot;cf-error-details&quot; class=&quot;p-0&quot;&gt;\n        &lt;header class=&quot;mx-auto pt-10 lg:pt-6 lg:px-8 w-240 lg:w-full mb-8&quot;&gt;\n            &lt;h1 class=&quot;inline-block sm:block sm:mb-2 font-light text-60 lg:text-4xl text-black-dark leading-tight mr-2&quot;&gt;\n                &lt;span class=&quot;inline-block&quot;&gt;Bad gateway&lt;/span&gt;\n                &lt;span class=&quot;code-label&quot;&gt;Error code 502&lt;/span&gt;\n            &lt;/h1&gt;\n            &lt;div&gt;\n  ...List.add(&quot;hidden&quot;);a.getElementById(&quot;cf-footer-ip&quot;).classList.remove(&quot;hidden&quot;)}))}var a=document;document.addEventListener&amp;&amp;a.addEventListener(&quot;DOMContentLoaded&quot;,d)})();&lt;/script&gt;\n  &lt;/div&gt;&lt;!-- /.error-footer --&gt;\n\n    &lt;/div&gt;\n&lt;/div&gt;\n&lt;script&gt;(function(){function c(){var b=a.contentDocument||a.contentWindow.document;if(b){var d=b.createElement(\'script\');d.innerHTML=&quot;window.__CF$cv$params={r:\'a10f98901f7288cd\',t:\'MTc4MjM0NDYxOQ==\'};var a=document.createElement(\'script\');a.src=\'/cdn-cgi/challenge-platform/scripts/jsd/main.js\';document.getElementsByTagName(\'head\')[0].appendChild(a);&quot;;b.getElementsByTagName(\'head\')[0].appendChild(d)}}if(document.body){var a=document.createElement(\'iframe\');a.height=1;a.width=1;a.style.position=\'absolute\';a.style.top=0;a.style.left=0;a.style.border=\'none\';a.style.visibility=\'hidden\';document.body.appendChild(a);if(\'loading\'!==document.readyState)c();else if(window.addEventListener)document.addEventListener(\'DOMContentLoaded\',c);else{var e=document.onreadystatechange||function(){};document.onreadystatechange=function(b){e(b);\'loading\'!==document.readyState&amp;&amp;(document.onreadystatechange=e,c())}}}})();&lt;/script&gt;&lt;/body&gt;\n&lt;/html&gt;'">backend/tests/test_iter18_bing_feed_sitemap.py:109: in test_xsl_table_headers_present
    assert col in body, f"missing column header {col}"
E   AssertionError: missing column header URL
E   assert 'URL' in '&lt;!DOCTYPE html&gt;\n&lt;!--[if lt IE 7]&gt; &lt;html class="no-js ie6 oldie" lang="en-US"&gt; &lt;![endif]--&gt;\n&lt;!--[if IE 7]&gt;    &lt;html class="no-js ie7 oldie" lang="en-US"&gt; &lt;![endif]--&gt;\n&lt;!--[if IE 8]&gt;    &lt;html class="no-js ie8 oldie" lang="en-US"&gt; &lt;![endif]--&gt;\n&lt;!--[if gt IE 8]&gt;&lt;!--&gt; &lt;html class="no-js" lang="en-US"&gt; &lt;!--&lt;![endif]--&gt;\n&lt;head&gt;\n\n&lt;title&gt;preview.emergentagent.com | 502: Bad gateway&lt;/title&gt;\n&lt;meta charset="UTF-8" /&gt;\n&lt;meta http-equiv="Content-Type" content="text/html; charset=UTF-8" /&gt;\n&lt;meta http-equiv="X-UA-Compatible" content="IE=Edge" /&gt;\n&lt;meta name="robots" content="noindex, nofollow" /&gt;\n&lt;meta name="viewport" content="width=device-width,initial-scale=1" /&gt;\n&lt;link rel="stylesheet" id="cf_styles-css" href="/cdn-cgi/styles/main.css" /&gt;\n&lt;/head&gt;\n&lt;body&gt;\n&lt;div id="cf-wrapper"&gt;\n    &lt;div id="cf-error-details" class="p-0"&gt;\n        &lt;header class="mx-auto pt-10 lg:pt-6 lg:px-8 w-240 lg:w-full mb-8"&gt;\n            &lt;h1 class="inline-block sm:block sm:mb-2 font-light text-60 lg:text-4xl text-black-dark leading-tight mr-2"&gt;\n                &lt;span class="inline-block"&gt;Bad gateway&lt;/span&gt;\n                &lt;span class="code-label"&gt;Error code 502&lt;/span&gt;\n            &lt;/h1&gt;\n            &lt;div&gt;\n  ...List.add("hidden");a.getElementById("cf-footer-ip").classList.remove("hidden")}))}var a=document;document.addEventListener&amp;&amp;a.addEventListener("DOMContentLoaded",d)})();&lt;/script&gt;\n  &lt;/div&gt;&lt;!-- /.error-footer --&gt;\n\n    &lt;/div&gt;\n&lt;/div&gt;\n&lt;script&gt;(function(){function c(){var b=a.contentDocument||a.contentWindow.document;if(b){var d=b.createElement(\'script\');d.innerHTML="window.__CF$cv$params={r:\'a10f98901f7288cd\',t:\'MTc4MjM0NDYxOQ==\'};var a=document.createElement(\'script\');a.src=\'/cdn-cgi/challenge-platform/scripts/jsd/main.js\';document.getElementsByTagName(\'head\')[0].appendChild(a);";b.getElementsByTagName(\'head\')[0].appendChild(d)}}if(document.body){var a=document.createElement(\'iframe\');a.height=1;a.width=1;a.style.position=\'absolute\';a.style.top=0;a.style.left=0;a.style.border=\'none\';a.style.visibility=\'hidden\';document.body.appendChild(a);if(\'loading\'!==document.readyState)c();else if(window.addEventListener)document.addEventListener(\'DOMContentLoaded\',c);else{var e=document.onreadystatechange||function(){};document.onreadystatechange=function(b){e(b);\'loading\'!==document.readyState&amp;&amp;(document.onreadystatechange=e,c())}}}})();&lt;/script&gt;&lt;/body&gt;\n&lt;/html&gt;'</failure></testcase><testcase classname="backend.tests.test_iter18_bing_feed_sitemap.TestFeedRoutesReachable" name="test_route_returns_200_and_xml[/feed/bing-shopping.xml]" time="0.180" /><testcase classname="backend.tests.test_iter18_bing_feed_sitemap.TestFeedRoutesReachable" name="test_route_returns_200_and_xml[/feeds/bing-shopping.xml]" time="0.184" /><testcase classname="backend.tests.test_iter18_bing_feed_sitemap.TestFeedRoutesReachable" name="test_route_returns_200_and_xml[/bing-shopping-feed.xml]" time="0.185" /><testcase classname="backend.tests.test_iter18_bing_feed_sitemap.TestFeedRoutesReachable" name="test_route_returns_200_and_xml[/microsoft-merchant-feed.xml]" time="0.177" /><testcase classname="backend.tests.test_iter18_bing_feed_sitemap.TestFeedRoutesReachable" name="test_route_returns_200_and_xml[/merchant-feed.xml]" time="0.177" /><testcase classname="backend.tests.test_iter18_bing_feed_sitemap.TestFeedRoutesReachable" name="test_route_returns_200_and_xml[/feed/google-products.xml]" time="0.176" /><testcase classname="backend.tests.test_iter18_bing_feed_sitemap.TestFeedRoutesReachable" name="test_route_returns_200_and_xml[/feeds/google-products.xml]" time="0.184" /><testcase classname="backend.tests.test_iter18_bing_feed_sitemap.TestFeedRoutesReachable" name="test_route_returns_200_and_xml[/google-merchant-feed.xml]" time="0.178" /><testcase classname="backend.tests.test_iter18_bing_feed_sitemap.TestFeedRoutesReachable" name="test_route_returns_200_and_xml[/google-shopping-feed.xml]" time="0.192" /><testcase classname="backend.tests.test_iter18_bing_feed_sitemap.TestBingNativeRssFieldAliases" name="test_bing_items_have_native_fields" time="0.177" /><testcase classname="backend.tests.test_iter18_bing_feed_sitemap.TestBingNativeRssFieldAliases" name="test_google_items_do_not_have_native_fields" time="0.181" /><testcase classname="backend.tests.test_iter18_bing_feed_sitemap.TestChannelTitleDifferentiation" name="test_bing_channel_title_suffix" time="0.183" /><testcase classname="backend.tests.test_iter18_bing_feed_sitemap.TestChannelTitleDifferentiation" name="test_google_channel_title_suffix" time="0.179" /><testcase classname="backend.tests.test_iter18_bing_feed_sitemap.TestAtomSelfLinkEchoesAlias" name="test_self_link_matches_request_path[/feed/bing-shopping.xml]" time="0.191" /><testcase classname="backend.tests.test_iter18_bing_feed_sitemap.TestAtomSelfLinkEchoesAlias" name="test_self_link_matches_request_path[/feeds/bing-shopping.xml]" time="0.199" /><testcase classname="backend.tests.test_iter18_bing_feed_sitemap.TestAtomSelfLinkEchoesAlias" name="test_self_link_matches_request_path[/bing-shopping-feed.xml]" time="0.192" /><testcase classname="backend.tests.test_iter18_bing_feed_sitemap.TestAtomSelfLinkEchoesAlias" name="test_self_link_matches_request_path[/microsoft-merchant-feed.xml]" time="0.211" /><testcase classname="backend.tests.test_iter18_bing_feed_sitemap.TestRobotsTxt" name="test_three_sitemap_directives" time="0.189" /><testcase classname="backend.tests.test_iter18_bing_feed_sitemap.TestGoogleFeedRegression" name="test_37_items" time="0.280" /><testcase classname="backend.tests.test_iter18_bing_feed_sitemap.TestGoogleFeedRegression" name="test_148_product_highlights" time="0.000" /><testcase classname="backend.tests.test_iter18_bing_feed_sitemap.TestGoogleFeedRegression" name="test_37_sale_price_effective_date" time="0.000" /><testcase classname="backend.tests.test_iter18_bing_feed_sitemap.TestGoogleFeedRegression" name="test_37_return_policy" time="0.000" /><testcase classname="backend.tests.test_iter18_bing_feed_sitemap.TestGoogleFeedRegression" name="test_37_free_shipping_threshold" time="0.000" /><testcase classname="backend.tests.test_iter18_bing_feed_sitemap.TestGoogleFeedRegression" name="test_cache_headers" time="0.150" /><testcase classname="backend.tests.test_iter18_bing_feed_sitemap.TestBingFeedRegression" name="test_37_items" time="0.282" /><testcase classname="backend.tests.test_iter18_bing_feed_sitemap.TestBingFeedRegression" name="test_148_product_highlights" time="0.000" /><testcase classname="backend.tests.test_iter18_bing_feed_sitemap.TestBingFeedRegression" name="test_37_return_policy" time="0.000" /><testcase classname="backend.tests.test_iter18_bing_feed_sitemap.TestBingFeedRegression" name="test_37_free_shipping_threshold" time="0.000" /><testcase classname="backend.tests.test_iter18_bing_feed_sitemap.TestProductPageRegression" name="test_title_under_60_chars" time="0.279" /><testcase classname="backend.tests.test_iter18_bing_feed_sitemap.TestProductPageRegression" name="test_meta_description_present" time="0.000" /><testcase classname="backend.tests.test_iter18_bing_feed_sitemap.TestProductPageRegression" name="test_product_jsonld_has_shipping_array_and_return_policy" time="0.001" /><testcase classname="backend.tests.test_iter19_enhanced_conv_gcr_promo_detail.TestEnhancedConversions" name="test_hashed_user_data_block_present_when_ga4_set" time="0.199" /><testcase classname="backend.tests.test_iter19_enhanced_conv_gcr_promo_detail.TestEnhancedConversions" name="test_user_data_skipped_when_all_ids_blank" time="0.173" /><testcase classname="backend.tests.test_iter19_enhanced_conv_gcr_promo_detail.TestEnhancedConversions" name="test_missing_phone_only_email_emitted" time="0.168" /><testcase classname="backend.tests.test_iter19_enhanced_conv_gcr_promo_detail.TestEnhancedConversions" name="test_no_user_data_when_both_email_and_phone_empty" time="0.182" /><testcase classname="backend.tests.test_iter19_enhanced_conv_gcr_promo_detail.TestCustomerReviewsOptIn" name="test_optin_present_with_gmc_and_paid" time="0.154" /><testcase classname="backend.tests.test_iter19_enhanced_conv_gcr_promo_detail.TestCustomerReviewsOptIn" name="test_optin_absent_when_gmc_empty" time="0.144" /><testcase classname="backend.tests.test_iter19_enhanced_conv_gcr_promo_detail.TestCustomerReviewsOptIn" name="test_optin_absent_for_demo_order" time="0.146" /><testcase classname="backend.tests.test_iter19_enhanced_conv_gcr_promo_detail.TestMerchantPromotion" name="test_promotion_id_count_37_google" time="0.144" /><testcase classname="backend.tests.test_iter19_enhanced_conv_gcr_promo_detail.TestMerchantPromotion" name="test_promotion_id_count_37_bing" time="0.135" /><testcase classname="backend.tests.test_iter19_enhanced_conv_gcr_promo_detail.TestMerchantPromotion" name="test_promotion_id_dropped_when_no_sale" time="0.294" /><testcase classname="backend.tests.test_iter19_enhanced_conv_gcr_promo_detail.TestProductDetail" name="test_product_detail_opening_count_148_google" time="0.000" /><testcase classname="backend.tests.test_iter19_enhanced_conv_gcr_promo_detail.TestProductDetail" name="test_product_detail_opening_count_148_bing" time="0.000" /><testcase classname="backend.tests.test_iter19_enhanced_conv_gcr_promo_detail.TestProductDetail" name="test_each_block_has_three_ordered_children" time="0.001" /><testcase classname="backend.tests.test_iter19_enhanced_conv_gcr_promo_detail.TestProductDetail" name="test_attribute_values_match_db" time="0.009" /><testcase classname="backend.tests.test_iter19_enhanced_conv_gcr_promo_detail.TestAdminGMCInput" name="test_form_field_present" time="0.502" /><testcase classname="backend.tests.test_iter19_enhanced_conv_gcr_promo_detail.TestAdminGMCInput" name="test_save_valid_gmc_persists" time="0.525" /><testcase classname="backend.tests.test_iter19_enhanced_conv_gcr_promo_detail.TestAdminGMCInput" name="test_save_invalid_gmc_rejected_preserves_old" time="0.542" /><testcase classname="backend.tests.test_iter19_enhanced_conv_gcr_promo_detail.TestRegression" name="test_all_feeds_200[/merchant-feed.xml]" time="0.149" /><testcase classname="backend.tests.test_iter19_enhanced_conv_gcr_promo_detail.TestRegression" name="test_all_feeds_200[/feed/google-products.xml]" time="0.138" /><testcase classname="backend.tests.test_iter19_enhanced_conv_gcr_promo_detail.TestRegression" name="test_all_feeds_200[/feeds/google-products.xml]" time="0.143" /><testcase classname="backend.tests.test_iter19_enhanced_conv_gcr_promo_detail.TestRegression" name="test_all_feeds_200[/google-merchant-feed.xml]" time="0.138" /><testcase classname="backend.tests.test_iter19_enhanced_conv_gcr_promo_detail.TestRegression" name="test_all_feeds_200[/google-shopping-feed.xml]" time="0.138" /><testcase classname="backend.tests.test_iter19_enhanced_conv_gcr_promo_detail.TestRegression" name="test_all_feeds_200[/feed/bing-shopping.xml]" time="0.142" /><testcase classname="backend.tests.test_iter19_enhanced_conv_gcr_promo_detail.TestRegression" name="test_all_feeds_200[/feeds/bing-shopping.xml]" time="0.132" /><testcase classname="backend.tests.test_iter19_enhanced_conv_gcr_promo_detail.TestRegression" name="test_all_feeds_200[/bing-shopping-feed.xml]" time="0.134" /><testcase classname="backend.tests.test_iter19_enhanced_conv_gcr_promo_detail.TestRegression" name="test_all_feeds_200[/microsoft-merchant-feed.xml]" time="0.137" /><testcase classname="backend.tests.test_iter19_enhanced_conv_gcr_promo_detail.TestRegression" name="test_sitemap_xslt" time="0.138" /><testcase classname="backend.tests.test_iter19_enhanced_conv_gcr_promo_detail.TestRegression" name="test_product_highlight_148" time="0.000" /><testcase classname="backend.tests.test_iter19_enhanced_conv_gcr_promo_detail.TestRegression" name="test_sale_price_effective_date_37" time="0.000" /><testcase classname="backend.tests.test_iter19_enhanced_conv_gcr_promo_detail.TestRegression" name="test_return_policy_37" time="0.000" /><testcase classname="backend.tests.test_iter19_enhanced_conv_gcr_promo_detail.TestRegression" name="test_free_shipping_threshold_37" time="0.000" /><testcase classname="backend.tests.test_iter19_enhanced_conv_gcr_promo_detail.TestRegression" name="test_atom_self_href_echoes_alias" time="1.291" /><testcase classname="backend.tests.test_product_rich_results_iter17.TestShippingDetailsArray" name="test_shipping_details_is_array[windows-11-pro0]" time="0.186" /><testcase classname="backend.tests.test_product_rich_results_iter17.TestShippingDetailsArray" name="test_shipping_details_is_array[microsoft-office-home-2024-pc]" time="0.168" /><testcase classname="backend.tests.test_product_rich_results_iter17.TestShippingDetailsArray" name="test_shipping_details_is_array[windows-11-pro1]" time="0.154" /><testcase classname="backend.tests.test_product_rich_results_iter17.TestShippingDetailsArray" name="test_each_entry_has_required_shape" time="0.174" /><testcase classname="backend.tests.test_product_rich_results_iter17.TestShippingDetailsArray" name="test_shape_consistent_across_slugs" time="0.312" /><testcase classname="backend.tests.test_product_rich_results_iter17.TestMerchantReturnPolicy" name="test_all_required_keys_present" time="0.165" /><testcase classname="backend.tests.test_product_rich_results_iter17.TestMerchantReturnPolicy" name="test_key_values_correct" time="0.161" /><testcase classname="backend.tests.test_product_rich_results_iter17.TestMerchantReturnPolicy" name="test_policy_consistent_across_slugs[windows-11-pro]" time="0.155" /><testcase classname="backend.tests.test_product_rich_results_iter17.TestMerchantReturnPolicy" name="test_policy_consistent_across_slugs[microsoft-office-home-2024-pc]" time="0.162" /><testcase classname="backend.tests.test_product_rich_results_iter17.TestRichResultCompat" name="test_no_address_country_array" time="0.162" /><testcase classname="backend.tests.test_product_rich_results_iter17.TestRichResultCompat" name="test_return_policy_applicable_country_present" time="0.154" /><testcase classname="backend.tests.test_product_rich_results_iter17.TestMerchantFeed" name="test_item_count_is_37" time="0.134" /><testcase classname="backend.tests.test_product_rich_results_iter17.TestMerchantFeed" name="test_return_policy_count_is_37" time="0.000" /><testcase classname="backend.tests.test_product_rich_results_iter17.TestMerchantFeed" name="test_return_policy_block_structure" time="0.000" /><testcase classname="backend.tests.test_product_rich_results_iter17.TestMerchantFeed" name="test_free_shipping_threshold_count_is_37" time="0.000" /><testcase classname="backend.tests.test_public_domain_hygiene" name="test_public_page_has_no_preview_urls_on_prod_host[/]" time="0.149" /><testcase classname="backend.tests.test_public_domain_hygiene" name="test_public_page_has_no_preview_urls_on_prod_host[/shop.php]" time="0.143" /><testcase classname="backend.tests.test_public_domain_hygiene" name="test_public_page_has_no_preview_urls_on_prod_host[/product.php?slug=microsoft-office-2024-professional-plus-windows]" time="0.210" /><testcase classname="backend.tests.test_public_domain_hygiene" name="test_public_page_has_no_preview_urls_on_prod_host[/product.php?slug=bitdefender-antivirus-for-mac-1-mac-1-year]" time="0.268" /><testcase classname="backend.tests.test_public_domain_hygiene" name="test_public_page_has_no_preview_urls_on_prod_host[/reviews.php]" time="0.145" /><testcase classname="backend.tests.test_public_domain_hygiene" name="test_public_page_has_no_preview_urls_on_prod_host[/track-order.php]" time="0.330" /><testcase classname="backend.tests.test_public_domain_hygiene" name="test_public_page_has_no_preview_urls_on_prod_host[/order-history.php]" time="0.138" /><testcase classname="backend.tests.test_public_domain_hygiene" name="test_public_page_has_no_preview_urls_on_prod_host[/cart.php]" time="0.139" /><testcase classname="backend.tests.test_public_domain_hygiene" name="test_public_page_has_no_preview_urls_on_prod_host[/checkout.php]" time="0.340" /><testcase classname="backend.tests.test_public_domain_hygiene" name="test_public_page_has_no_preview_urls_on_prod_host[/about-us.php]" time="0.158" /><testcase classname="backend.tests.test_public_domain_hygiene" name="test_public_page_has_no_preview_urls_on_prod_host[/contact.php]" time="0.200" /><testcase classname="backend.tests.test_public_domain_hygiene" name="test_public_page_has_no_preview_urls_on_prod_host[/support.php]" time="0.163" /><testcase classname="backend.tests.test_public_domain_hygiene" name="test_public_page_has_no_preview_urls_on_prod_host[/blog.php]" time="0.294" /><testcase classname="backend.tests.test_public_domain_hygiene" name="test_order_success_qr_uses_prod_host" time="0.272"><skipped type="pytest.skip" message="No matching order found for QR test">/app/backend/tests/test_public_domain_hygiene.py:63: No matching order found for QR test</skipped></testcase><testcase classname="backend.tests.test_public_domain_hygiene" name="test_company_logo_is_not_preview_host" time="0.286" /><testcase classname="backend.tests.test_public_domain_hygiene" name="test_nav_links_are_relative_or_prod" time="0.153" /><testcase classname="backend.tests.test_public_domain_hygiene" name="test_preview_host_context_still_works" time="0.156" /><testcase classname="backend.tests.test_public_domain_hygiene" name="test_checkout_flow_redirects_to_order_success_on_prod_host" time="0.146"><skipped type="pytest.skip" message="Could not discover product_id from product page">/app/backend/tests/test_public_domain_hygiene.py:118: Could not discover product_id from product page</skipped></testcase><testcase classname="backend.tests.test_public_domain_hygiene" name="test_setup_check_shows_hygiene_card_when_leaks_exist_then_fix_clears_them" time="0.502" /><testcase classname="backend.tests.test_public_domain_hygiene" name="test_setup_check_excludes_json_blob_rows_from_leak_table" time="0.530" /></testsuite></testsuites>