<?xml version="1.0" encoding="utf-8"?><testsuites name="pytest tests"><testsuite name="pytest" errors="0" failures="0" skipped="1" tests="20" time="6.038" timestamp="2026-06-23T12:03:35.003310+00:00" hostname="agent-env-cf0b40b3-7e46-4599-850a-1e0154be538b"><testcase classname="backend.tests.test_public_domain_hygiene" name="test_public_page_has_no_preview_urls_on_prod_host[/]" time="0.172" /><testcase classname="backend.tests.test_public_domain_hygiene" name="test_public_page_has_no_preview_urls_on_prod_host[/shop.php]" time="0.160" /><testcase classname="backend.tests.test_public_domain_hygiene" name="test_public_page_has_no_preview_urls_on_prod_host[/product.php?slug=microsoft-office-2024-professional-plus-windows]" time="0.166" /><testcase classname="backend.tests.test_public_domain_hygiene" name="test_public_page_has_no_preview_urls_on_prod_host[/product.php?slug=bitdefender-antivirus-for-mac-1-mac-1-year]" time="0.148" /><testcase classname="backend.tests.test_public_domain_hygiene" name="test_public_page_has_no_preview_urls_on_prod_host[/reviews.php]" time="0.155" /><testcase classname="backend.tests.test_public_domain_hygiene" name="test_public_page_has_no_preview_urls_on_prod_host[/track-order.php]" time="0.306" /><testcase classname="backend.tests.test_public_domain_hygiene" name="test_public_page_has_no_preview_urls_on_prod_host[/order-history.php]" time="0.162" /><testcase classname="backend.tests.test_public_domain_hygiene" name="test_public_page_has_no_preview_urls_on_prod_host[/cart.php]" time="0.174" /><testcase classname="backend.tests.test_public_domain_hygiene" name="test_public_page_has_no_preview_urls_on_prod_host[/checkout.php]" time="0.797" /><testcase classname="backend.tests.test_public_domain_hygiene" name="test_public_page_has_no_preview_urls_on_prod_host[/about-us.php]" time="0.328" /><testcase classname="backend.tests.test_public_domain_hygiene" name="test_public_page_has_no_preview_urls_on_prod_host[/contact.php]" time="0.506" /><testcase classname="backend.tests.test_public_domain_hygiene" name="test_public_page_has_no_preview_urls_on_prod_host[/support.php]" time="0.298" /><testcase classname="backend.tests.test_public_domain_hygiene" name="test_public_page_has_no_preview_urls_on_prod_host[/blog.php]" time="0.150" /><testcase classname="backend.tests.test_public_domain_hygiene" name="test_order_success_qr_uses_prod_host" time="0.190" /><testcase classname="backend.tests.test_public_domain_hygiene" name="test_company_logo_is_not_preview_host" time="0.166" /><testcase classname="backend.tests.test_public_domain_hygiene" name="test_nav_links_are_relative_or_prod" time="0.174" /><testcase classname="backend.tests.test_public_domain_hygiene" name="test_preview_host_context_still_works" time="0.209" /><testcase classname="backend.tests.test_public_domain_hygiene" name="test_checkout_flow_redirects_to_order_success_on_prod_host" time="0.165"><skipped type="pytest.skip" message="Could not discover product_id from product page">/app/backend/tests/test_public_domain_hygiene.py:118: Could not discover product_id from product page</skipped></testcase><testcase classname="backend.tests.test_public_domain_hygiene" name="test_setup_check_shows_hygiene_card_when_leaks_exist_then_fix_clears_them" time="0.959" /><testcase classname="backend.tests.test_public_domain_hygiene" name="test_setup_check_excludes_json_blob_rows_from_leak_table" time="0.553" /></testsuite></testsuites>